<?xml version="1.0" encoding="UTF-8"?>
<coverage generated="1634821526510" clover="3.2.0">
  <project timestamp="1634821526510" name="All files">
    <metrics statements="116" coveredstatements="116" conditionals="28" coveredconditionals="25" methods="38" coveredmethods="38" elements="182" coveredelements="179" complexity="0" loc="116" ncloc="116" packages="1" files="5" classes="5"/>
    <file name="ChargingStation.js" path="/Users/MGN25/Documents/Training/bootcamp_examples/assignments/scooter_hire/src/ChargingStation.js">
      <metrics statements="19" coveredstatements="19" conditionals="4" coveredconditionals="4" methods="6" coveredmethods="6"/>
      <line num="1" count="4" type="stmt"/>
      <line num="4" count="4" type="stmt"/>
      <line num="7" count="4" type="stmt"/>
      <line num="8" count="4" type="stmt"/>
      <line num="9" count="4" type="stmt"/>
      <line num="12" count="4" type="stmt"/>
      <line num="13" count="4" type="stmt"/>
      <line num="14" count="7" type="cond" truecount="2" falsecount="0"/>
      <line num="15" count="3" type="stmt"/>
      <line num="19" count="4" type="stmt"/>
      <line num="22" count="3" type="stmt"/>
      <line num="23" count="3" type="cond" truecount="2" falsecount="0"/>
      <line num="24" count="1" type="stmt"/>
      <line num="27" count="2" type="stmt"/>
      <line num="28" count="4" type="stmt"/>
      <line num="31" count="2" type="stmt"/>
      <line num="34" count="8" type="stmt"/>
      <line num="35" count="8" type="stmt"/>
      <line num="39" count="4" type="stmt"/>
    </file>
    <file name="City.js" path="/Users/MGN25/Documents/Training/bootcamp_examples/assignments/scooter_hire/src/City.js">
      <metrics statements="12" coveredstatements="12" conditionals="6" coveredconditionals="6" methods="4" coveredmethods="4"/>
      <line num="2" count="3" type="stmt"/>
      <line num="5" count="5" type="stmt"/>
      <line num="6" count="5" type="stmt"/>
      <line num="7" count="5" type="stmt"/>
      <line num="9" count="5" type="cond" truecount="4" falsecount="0"/>
      <line num="10" count="1" type="stmt"/>
      <line num="14" count="2" type="stmt"/>
      <line num="17" count="2" type="stmt"/>
      <line num="18" count="2" type="cond" truecount="2" falsecount="0"/>
      <line num="19" count="1" type="stmt"/>
      <line num="21" count="1" type="stmt"/>
      <line num="27" count="3" type="stmt"/>
    </file>
    <file name="Scooter.js" path="/Users/MGN25/Documents/Training/bootcamp_examples/assignments/scooter_hire/src/Scooter.js">
      <metrics statements="21" coveredstatements="21" conditionals="4" coveredconditionals="4" methods="9" coveredmethods="9"/>
      <line num="2" count="5" type="stmt"/>
      <line num="5" count="6" type="stmt"/>
      <line num="6" count="6" type="stmt"/>
      <line num="7" count="6" type="stmt"/>
      <line num="8" count="6" type="stmt"/>
      <line num="11" count="1" type="stmt"/>
      <line num="12" count="1" type="stmt"/>
      <line num="13" count="1" type="stmt"/>
      <line num="14" count="1" type="stmt"/>
      <line num="17" count="2" type="cond" truecount="2" falsecount="0"/>
      <line num="18" count="1" type="stmt"/>
      <line num="19" count="1" type="stmt"/>
      <line num="21" count="1" type="stmt"/>
      <line num="22" count="1" type="stmt"/>
      <line num="23" count="1" type="stmt"/>
      <line num="27" count="4" type="stmt"/>
      <line num="30" count="2" type="stmt"/>
      <line num="33" count="10" type="cond" truecount="2" falsecount="0"/>
      <line num="36" count="10" type="stmt"/>
      <line num="39" count="9" type="stmt"/>
      <line num="43" count="5" type="stmt"/>
    </file>
    <file name="Server.js" path="/Users/MGN25/Documents/Training/bootcamp_examples/assignments/scooter_hire/src/Server.js">
      <metrics statements="49" coveredstatements="49" conditionals="14" coveredconditionals="11" methods="15" coveredmethods="15"/>
      <line num="2" count="2" type="stmt"/>
      <line num="5" count="2" type="stmt"/>
      <line num="6" count="2" type="stmt"/>
      <line num="9" count="2" type="stmt"/>
      <line num="10" count="2" type="stmt"/>
      <line num="13" count="5" type="cond" truecount="2" falsecount="0"/>
      <line num="14" count="2" type="stmt"/>
      <line num="16" count="5" type="stmt"/>
      <line num="19" count="1" type="stmt"/>
      <line num="22" count="3" type="stmt"/>
      <line num="23" count="3" type="cond" truecount="4" falsecount="0"/>
      <line num="24" count="1" type="stmt"/>
      <line num="26" count="2" type="stmt"/>
      <line num="31" count="1" type="stmt"/>
      <line num="32" count="1" type="cond" truecount="1" falsecount="1"/>
      <line num="33" count="1" type="stmt"/>
      <line num="34" count="1" type="stmt"/>
      <line num="39" count="1" type="stmt"/>
      <line num="42" count="3" type="stmt"/>
      <line num="44" count="3" type="stmt"/>
      <line num="45" count="3" type="stmt"/>
      <line num="46" count="3" type="stmt"/>
      <line num="47" count="3" type="cond" truecount="1" falsecount="1"/>
      <line num="48" count="3" type="stmt"/>
      <line num="49" count="3" type="stmt"/>
      <line num="52" count="3" type="stmt"/>
      <line num="55" count="3" type="stmt"/>
      <line num="58" count="3" type="stmt"/>
      <line num="61" count="5" type="stmt"/>
      <line num="62" count="5" type="stmt"/>
      <line num="63" count="8" type="cond" truecount="2" falsecount="0"/>
      <line num="64" count="3" type="stmt"/>
      <line num="67" count="5" type="stmt"/>
      <line num="68" count="5" type="cond" truecount="1" falsecount="1"/>
      <line num="71" count="5" type="stmt"/>
      <line num="72" count="5" type="stmt"/>
      <line num="73" count="5" type="stmt"/>
      <line num="79" count="2" type="stmt"/>
      <line num="82" count="2" type="stmt"/>
      <line num="84" count="2" type="stmt"/>
      <line num="85" count="2" type="stmt"/>
      <line num="86" count="2" type="stmt"/>
      <line num="87" count="2" type="stmt"/>
      <line num="91" count="2" type="stmt"/>
      <line num="92" count="2" type="stmt"/>
      <line num="93" count="2" type="stmt"/>
      <line num="94" count="2" type="stmt"/>
      <line num="96" count="2" type="stmt"/>
      <line num="100" count="2" type="stmt"/>
    </file>
    <file name="User.js" path="/Users/MGN25/Documents/Training/bootcamp_examples/assignments/scooter_hire/src/User.js">
      <metrics statements="15" coveredstatements="15" conditionals="0" coveredconditionals="0" methods="4" coveredmethods="4"/>
      <line num="1" count="2" type="stmt"/>
      <line num="4" count="2" type="stmt"/>
      <line num="7" count="2" type="stmt"/>
      <line num="8" count="2" type="stmt"/>
      <line num="9" count="2" type="stmt"/>
      <line num="10" count="2" type="stmt"/>
      <line num="11" count="2" type="stmt"/>
      <line num="12" count="2" type="stmt"/>
      <line num="13" count="2" type="stmt"/>
      <line num="14" count="2" type="stmt"/>
      <line num="17" count="1" type="stmt"/>
      <line num="18" count="1" type="stmt"/>
      <line num="21" count="4" type="stmt"/>
      <line num="24" count="2" type="stmt"/>
      <line num="28" count="2" type="stmt"/>
    </file>
  </project>
</coverage>
