TN:
SF:src/ChargingStation.js
FN:6,(anonymous_0)
FN:11,(anonymous_1)
FN:13,(anonymous_2)
FN:21,(anonymous_3)
FN:27,(anonymous_4)
FN:33,(anonymous_5)
FNF:6
FNH:6
FNDA:4,(anonymous_0)
FNDA:4,(anonymous_1)
FNDA:7,(anonymous_2)
FNDA:3,(anonymous_3)
FNDA:4,(anonymous_4)
FNDA:8,(anonymous_5)
DA:1,4
DA:4,4
DA:7,4
DA:8,4
DA:9,4
DA:12,4
DA:13,4
DA:14,7
DA:15,3
DA:19,4
DA:22,3
DA:23,3
DA:24,1
DA:27,2
DA:28,4
DA:31,2
DA:34,8
DA:35,8
DA:39,4
LF:19
LH:19
BRDA:14,0,0,3
BRDA:14,0,1,4
BRDA:23,1,0,1
BRDA:23,1,1,2
BRF:4
BRH:4
end_of_record
TN:
SF:src/City.js
FN:4,(anonymous_0)
FN:13,(anonymous_1)
FN:16,(anonymous_2)
FN:17,(anonymous_3)
FNF:4
FNH:4
FNDA:5,(anonymous_0)
FNDA:2,(anonymous_1)
FNDA:2,(anonymous_2)
FNDA:2,(anonymous_3)
DA:2,3
DA:5,5
DA:6,5
DA:7,5
DA:9,5
DA:10,1
DA:14,2
DA:17,2
DA:18,2
DA:19,1
DA:21,1
DA:27,3
LF:12
LH:12
BRDA:9,0,0,1
BRDA:9,0,1,4
BRDA:9,1,0,5
BRDA:9,1,1,4
BRDA:18,2,0,1
BRDA:18,2,1,1
BRF:6
BRH:6
end_of_record
TN:
SF:src/Scooter.js
FN:4,(anonymous_0)
FN:10,(anonymous_1)
FN:12,(anonymous_2)
FN:16,(anonymous_3)
FN:26,(anonymous_4)
FN:29,(anonymous_5)
FN:32,(anonymous_6)
FN:35,(anonymous_7)
FN:38,(anonymous_8)
FNF:9
FNH:9
FNDA:6,(anonymous_0)
FNDA:1,(anonymous_1)
FNDA:1,(anonymous_2)
FNDA:2,(anonymous_3)
FNDA:4,(anonymous_4)
FNDA:2,(anonymous_5)
FNDA:10,(anonymous_6)
FNDA:10,(anonymous_7)
FNDA:9,(anonymous_8)
DA:2,5
DA:5,6
DA:6,6
DA:7,6
DA:8,6
DA:11,1
DA:12,1
DA:13,1
DA:14,1
DA:17,2
DA:18,1
DA:19,1
DA:21,1
DA:22,1
DA:23,1
DA:27,4
DA:30,2
DA:33,10
DA:36,10
DA:39,9
DA:43,5
LF:21
LH:21
BRDA:17,0,0,1
BRDA:17,0,1,1
BRDA:33,1,0,10
BRDA:33,1,1,8
BRF:4
BRH:4
end_of_record
TN:
SF:src/Server.js
FN:4,(anonymous_0)
FN:8,(anonymous_1)
FN:12,(anonymous_2)
FN:18,(anonymous_3)
FN:21,(anonymous_4)
FN:22,(anonymous_5)
FN:30,(anonymous_6)
FN:31,(anonymous_7)
FN:38,(anonymous_8)
FN:41,(anonymous_9)
FN:45,(anonymous_10)
FN:46,(anonymous_11)
FN:60,(anonymous_12)
FN:78,(anonymous_13)
FN:91,(anonymous_14)
FNF:15
FNH:15
FNDA:2,(anonymous_0)
FNDA:2,(anonymous_1)
FNDA:5,(anonymous_2)
FNDA:1,(anonymous_3)
FNDA:3,(anonymous_4)
FNDA:3,(anonymous_5)
FNDA:1,(anonymous_6)
FNDA:1,(anonymous_7)
FNDA:1,(anonymous_8)
FNDA:3,(anonymous_9)
FNDA:3,(anonymous_10)
FNDA:3,(anonymous_11)
FNDA:5,(anonymous_12)
FNDA:2,(anonymous_13)
FNDA:2,(anonymous_14)
DA:2,2
DA:5,2
DA:6,2
DA:9,2
DA:10,2
DA:13,5
DA:14,2
DA:16,5
DA:19,1
DA:22,3
DA:23,3
DA:24,1
DA:26,2
DA:31,1
DA:32,1
DA:33,1
DA:34,1
DA:39,1
DA:42,3
DA:44,3
DA:45,3
DA:46,3
DA:47,3
DA:48,3
DA:49,3
DA:52,3
DA:55,3
DA:58,3
DA:61,5
DA:62,5
DA:63,8
DA:64,3
DA:67,5
DA:68,5
DA:71,5
DA:72,5
DA:73,5
DA:79,2
DA:82,2
DA:84,2
DA:85,2
DA:86,2
DA:87,2
DA:91,2
DA:92,2
DA:93,2
DA:94,2
DA:96,2
DA:100,2
LF:49
LH:49
BRDA:13,0,0,2
BRDA:13,0,1,3
BRDA:23,1,0,1
BRDA:23,1,1,2
BRDA:23,2,0,3
BRDA:23,2,1,2
BRDA:32,3,0,1
BRDA:32,3,1,0
BRDA:47,4,0,3
BRDA:47,4,1,0
BRDA:63,5,0,3
BRDA:63,5,1,5
BRDA:68,6,0,5
BRDA:68,6,1,0
BRF:14
BRH:11
end_of_record
TN:
SF:src/User.js
FN:6,(anonymous_0)
FN:16,(anonymous_1)
FN:20,(anonymous_2)
FN:23,(anonymous_3)
FNF:4
FNH:4
FNDA:2,(anonymous_0)
FNDA:1,(anonymous_1)
FNDA:4,(anonymous_2)
FNDA:2,(anonymous_3)
DA:1,2
DA:4,2
DA:7,2
DA:8,2
DA:9,2
DA:10,2
DA:11,2
DA:12,2
DA:13,2
DA:14,2
DA:17,1
DA:18,1
DA:21,4
DA:24,2
DA:28,2
LF:15
LH:15
BRF:0
BRH:0
end_of_record
