{"/Users/MGN25/Documents/Training/bootcamp_examples/assignments/airport/Airport.js": {"path":"/Users/MGN25/Documents/Training/bootcamp_examples/assignments/airport/Airport.js","statementMap":{"0":{"start":{"line":1,"column":18},"end":{"line":1,"column":36}},"1":{"start":{"line":12,"column":20},"end":{"line":12,"column":22}},"2":{"start":{"line":18,"column":4},"end":{"line":18,"column":21}},"3":{"start":{"line":19,"column":4},"end":{"line":19,"column":21}},"4":{"start":{"line":20,"column":4},"end":{"line":20,"column":54}},"5":{"start":{"line":21,"column":4},"end":{"line":21,"column":26}},"6":{"start":{"line":23,"column":4},"end":{"line":23,"column":41}},"7":{"start":{"line":29,"column":4},"end":{"line":31,"column":5}},"8":{"start":{"line":30,"column":6},"end":{"line":30,"column":45}},"9":{"start":{"line":38,"column":4},"end":{"line":40,"column":6}},"10":{"start":{"line":39,"column":24},"end":{"line":39,"column":61}},"11":{"start":{"line":47,"column":4},"end":{"line":47,"column":37}},"12":{"start":{"line":48,"column":4},"end":{"line":48,"column":28}},"13":{"start":{"line":52,"column":0},"end":{"line":52,"column":29}}},"fnMap":{"0":{"name":"(anonymous_0)","decl":{"start":{"line":17,"column":2},"end":{"line":17,"column":3}},"loc":{"start":{"line":17,"column":20},"end":{"line":24,"column":3}},"line":17},"1":{"name":"(anonymous_1)","decl":{"start":{"line":28,"column":2},"end":{"line":28,"column":3}},"loc":{"start":{"line":28,"column":19},"end":{"line":32,"column":3}},"line":28},"2":{"name":"(anonymous_2)","decl":{"start":{"line":37,"column":2},"end":{"line":37,"column":3}},"loc":{"start":{"line":37,"column":22},"end":{"line":41,"column":3}},"line":37},"3":{"name":"(anonymous_3)","decl":{"start":{"line":39,"column":6},"end":{"line":39,"column":7}},"loc":{"start":{"line":39,"column":24},"end":{"line":39,"column":61}},"line":39},"4":{"name":"(anonymous_4)","decl":{"start":{"line":46,"column":2},"end":{"line":46,"column":3}},"loc":{"start":{"line":46,"column":19},"end":{"line":49,"column":3}},"line":46}},"branchMap":{"0":{"loc":{"start":{"line":29,"column":4},"end":{"line":31,"column":5}},"type":"if","locations":[{"start":{"line":29,"column":4},"end":{"line":31,"column":5}},{"start":{"line":29,"column":4},"end":{"line":31,"column":5}}],"line":29}},"s":{"0":2,"1":2,"2":5,"3":5,"4":5,"5":5,"6":3,"7":5,"8":2,"9":2,"10":2,"11":3,"12":3,"13":2},"f":{"0":5,"1":5,"2":2,"3":2,"4":3},"b":{"0":[2,3]},"_coverageSchema":"1a1c01bbd47fc00a2c39e90264f33305004495a9","hash":"3d22ec875196c47ecb5b60e726a25b18810c5227"}
,"/Users/MGN25/Documents/Training/bootcamp_examples/assignments/airport/Bag.js": {"path":"/Users/MGN25/Documents/Training/bootcamp_examples/assignments/airport/Bag.js","statementMap":{"0":{"start":{"line":1,"column":18},"end":{"line":1,"column":36}},"1":{"start":{"line":14,"column":4},"end":{"line":14,"column":25}},"2":{"start":{"line":15,"column":4},"end":{"line":15,"column":25}},"3":{"start":{"line":21,"column":4},"end":{"line":23,"column":5}},"4":{"start":{"line":22,"column":6},"end":{"line":22,"column":43}},"5":{"start":{"line":30,"column":4},"end":{"line":30,"column":30}},"6":{"start":{"line":34,"column":0},"end":{"line":34,"column":25}}},"fnMap":{"0":{"name":"(anonymous_0)","decl":{"start":{"line":13,"column":2},"end":{"line":13,"column":3}},"loc":{"start":{"line":13,"column":22},"end":{"line":16,"column":3}},"line":13},"1":{"name":"(anonymous_1)","decl":{"start":{"line":20,"column":2},"end":{"line":20,"column":3}},"loc":{"start":{"line":20,"column":18},"end":{"line":24,"column":3}},"line":20},"2":{"name":"(anonymous_2)","decl":{"start":{"line":29,"column":2},"end":{"line":29,"column":3}},"loc":{"start":{"line":29,"column":16},"end":{"line":31,"column":3}},"line":29}},"branchMap":{"0":{"loc":{"start":{"line":21,"column":4},"end":{"line":23,"column":5}},"type":"if","locations":[{"start":{"line":21,"column":4},"end":{"line":23,"column":5}},{"start":{"line":21,"column":4},"end":{"line":23,"column":5}}],"line":21}},"s":{"0":2,"1":5,"2":5,"3":5,"4":2,"5":2,"6":2},"f":{"0":5,"1":5,"2":2},"b":{"0":[2,3]},"_coverageSchema":"1a1c01bbd47fc00a2c39e90264f33305004495a9","hash":"b86c70ce24ce8b57cf64fb3e8e6d7e9043ed7c89"}
,"/Users/MGN25/Documents/Training/bootcamp_examples/assignments/airport/Check.js": {"path":"/Users/MGN25/Documents/Training/bootcamp_examples/assignments/airport/Check.js","statementMap":{"0":{"start":{"line":12,"column":4},"end":{"line":16,"column":5}},"1":{"start":{"line":13,"column":6},"end":{"line":13,"column":19}},"2":{"start":{"line":15,"column":6},"end":{"line":15,"column":18}},"3":{"start":{"line":24,"column":4},"end":{"line":28,"column":5}},"4":{"start":{"line":25,"column":6},"end":{"line":25,"column":19}},"5":{"start":{"line":27,"column":6},"end":{"line":27,"column":18}},"6":{"start":{"line":32,"column":0},"end":{"line":32,"column":27}}},"fnMap":{"0":{"name":"(anonymous_0)","decl":{"start":{"line":11,"column":2},"end":{"line":11,"column":3}},"loc":{"start":{"line":11,"column":31},"end":{"line":17,"column":3}},"line":11},"1":{"name":"(anonymous_1)","decl":{"start":{"line":23,"column":2},"end":{"line":23,"column":3}},"loc":{"start":{"line":23,"column":31},"end":{"line":29,"column":3}},"line":23}},"branchMap":{"0":{"loc":{"start":{"line":12,"column":4},"end":{"line":16,"column":5}},"type":"if","locations":[{"start":{"line":12,"column":4},"end":{"line":16,"column":5}},{"start":{"line":12,"column":4},"end":{"line":16,"column":5}}],"line":12},"1":{"loc":{"start":{"line":12,"column":8},"end":{"line":12,"column":45}},"type":"binary-expr","locations":[{"start":{"line":12,"column":8},"end":{"line":12,"column":28}},{"start":{"line":12,"column":32},"end":{"line":12,"column":45}}],"line":12},"2":{"loc":{"start":{"line":24,"column":4},"end":{"line":28,"column":5}},"type":"if","locations":[{"start":{"line":24,"column":4},"end":{"line":28,"column":5}},{"start":{"line":24,"column":4},"end":{"line":28,"column":5}}],"line":24},"3":{"loc":{"start":{"line":24,"column":8},"end":{"line":24,"column":45}},"type":"binary-expr","locations":[{"start":{"line":24,"column":8},"end":{"line":24,"column":22}},{"start":{"line":24,"column":26},"end":{"line":24,"column":45}}],"line":24}},"s":{"0":10,"1":5,"2":5,"3":38,"4":11,"5":27,"6":7},"f":{"0":10,"1":38},"b":{"0":[5,5],"1":[10,7],"2":[11,27],"3":[38,33]},"_coverageSchema":"1a1c01bbd47fc00a2c39e90264f33305004495a9","hash":"e0a58233f2cfa0ce9665b4356a78e64478612603"}
,"/Users/MGN25/Documents/Training/bootcamp_examples/assignments/airport/CrewMember.js": {"path":"/Users/MGN25/Documents/Training/bootcamp_examples/assignments/airport/CrewMember.js","statementMap":{"0":{"start":{"line":1,"column":18},"end":{"line":1,"column":36}},"1":{"start":{"line":2,"column":19},"end":{"line":2,"column":38}},"2":{"start":{"line":17,"column":4},"end":{"line":17,"column":16}},"3":{"start":{"line":18,"column":4},"end":{"line":18,"column":29}},"4":{"start":{"line":19,"column":4},"end":{"line":19,"column":35}},"5":{"start":{"line":21,"column":4},"end":{"line":21,"column":29}},"6":{"start":{"line":27,"column":4},"end":{"line":33,"column":5}},"7":{"start":{"line":32,"column":6},"end":{"line":32,"column":40}},"8":{"start":{"line":37,"column":0},"end":{"line":37,"column":32}}},"fnMap":{"0":{"name":"(anonymous_0)","decl":{"start":{"line":16,"column":2},"end":{"line":16,"column":3}},"loc":{"start":{"line":16,"column":43},"end":{"line":22,"column":3}},"line":16},"1":{"name":"(anonymous_1)","decl":{"start":{"line":26,"column":2},"end":{"line":26,"column":3}},"loc":{"start":{"line":26,"column":22},"end":{"line":34,"column":3}},"line":26}},"branchMap":{"0":{"loc":{"start":{"line":27,"column":4},"end":{"line":33,"column":5}},"type":"if","locations":[{"start":{"line":27,"column":4},"end":{"line":33,"column":5}},{"start":{"line":27,"column":4},"end":{"line":33,"column":5}}],"line":27},"1":{"loc":{"start":{"line":28,"column":6},"end":{"line":30,"column":44}},"type":"binary-expr","locations":[{"start":{"line":28,"column":6},"end":{"line":28,"column":37}},{"start":{"line":29,"column":6},"end":{"line":29,"column":41}},{"start":{"line":30,"column":6},"end":{"line":30,"column":44}}],"line":28}},"s":{"0":2,"1":2,"2":3,"3":3,"4":3,"5":3,"6":3,"7":2,"8":2},"f":{"0":3,"1":3},"b":{"0":[2,1],"1":[3,3,2]},"_coverageSchema":"1a1c01bbd47fc00a2c39e90264f33305004495a9","hash":"a7ee52ae97ce71f8d3376f5acac68a9502332f56"}
,"/Users/MGN25/Documents/Training/bootcamp_examples/assignments/airport/Passenger.js": {"path":"/Users/MGN25/Documents/Training/bootcamp_examples/assignments/airport/Passenger.js","statementMap":{"0":{"start":{"line":1,"column":18},"end":{"line":1,"column":36}},"1":{"start":{"line":2,"column":19},"end":{"line":2,"column":38}},"2":{"start":{"line":17,"column":4},"end":{"line":17,"column":16}},"3":{"start":{"line":18,"column":4},"end":{"line":18,"column":41}},"4":{"start":{"line":19,"column":4},"end":{"line":19,"column":33}},"5":{"start":{"line":21,"column":4},"end":{"line":21,"column":28}},"6":{"start":{"line":27,"column":20},"end":{"line":27,"column":69}},"7":{"start":{"line":28,"column":4},"end":{"line":32,"column":7}},"8":{"start":{"line":29,"column":6},"end":{"line":31,"column":7}},"9":{"start":{"line":30,"column":8},"end":{"line":30,"column":40}},"10":{"start":{"line":36,"column":0},"end":{"line":36,"column":31}}},"fnMap":{"0":{"name":"(anonymous_0)","decl":{"start":{"line":16,"column":2},"end":{"line":16,"column":3}},"loc":{"start":{"line":16,"column":48},"end":{"line":22,"column":3}},"line":16},"1":{"name":"(anonymous_1)","decl":{"start":{"line":26,"column":2},"end":{"line":26,"column":3}},"loc":{"start":{"line":26,"column":21},"end":{"line":33,"column":3}},"line":26},"2":{"name":"(anonymous_2)","decl":{"start":{"line":28,"column":20},"end":{"line":28,"column":21}},"loc":{"start":{"line":28,"column":31},"end":{"line":32,"column":5}},"line":28}},"branchMap":{"0":{"loc":{"start":{"line":29,"column":6},"end":{"line":31,"column":7}},"type":"if","locations":[{"start":{"line":29,"column":6},"end":{"line":31,"column":7}},{"start":{"line":29,"column":6},"end":{"line":31,"column":7}}],"line":29}},"s":{"0":2,"1":2,"2":4,"3":4,"4":4,"5":4,"6":4,"7":4,"8":11,"9":2,"10":2},"f":{"0":4,"1":4,"2":11},"b":{"0":[2,9]},"_coverageSchema":"1a1c01bbd47fc00a2c39e90264f33305004495a9","hash":"f35e8f49606002f8082188d35b8f94c7ba0cff39"}
,"/Users/MGN25/Documents/Training/bootcamp_examples/assignments/airport/Person.js": {"path":"/Users/MGN25/Documents/Training/bootcamp_examples/assignments/airport/Person.js","statementMap":{"0":{"start":{"line":1,"column":18},"end":{"line":1,"column":36}},"1":{"start":{"line":13,"column":4},"end":{"line":13,"column":21}},"2":{"start":{"line":14,"column":4},"end":{"line":14,"column":19}},"3":{"start":{"line":16,"column":4},"end":{"line":16,"column":25}},"4":{"start":{"line":22,"column":4},"end":{"line":24,"column":5}},"5":{"start":{"line":23,"column":6},"end":{"line":23,"column":43}},"6":{"start":{"line":31,"column":4},"end":{"line":31,"column":24}},"7":{"start":{"line":35,"column":0},"end":{"line":35,"column":28}}},"fnMap":{"0":{"name":"(anonymous_0)","decl":{"start":{"line":12,"column":2},"end":{"line":12,"column":3}},"loc":{"start":{"line":12,"column":20},"end":{"line":17,"column":3}},"line":12},"1":{"name":"(anonymous_1)","decl":{"start":{"line":21,"column":2},"end":{"line":21,"column":3}},"loc":{"start":{"line":21,"column":18},"end":{"line":25,"column":3}},"line":21},"2":{"name":"(anonymous_2)","decl":{"start":{"line":30,"column":2},"end":{"line":30,"column":3}},"loc":{"start":{"line":30,"column":14},"end":{"line":32,"column":3}},"line":30}},"branchMap":{"0":{"loc":{"start":{"line":22,"column":4},"end":{"line":24,"column":5}},"type":"if","locations":[{"start":{"line":22,"column":4},"end":{"line":24,"column":5}},{"start":{"line":22,"column":4},"end":{"line":24,"column":5}}],"line":22}},"s":{"0":4,"1":8,"2":8,"3":8,"4":8,"5":1,"6":1,"7":4},"f":{"0":8,"1":8,"2":1},"b":{"0":[1,7]},"_coverageSchema":"1a1c01bbd47fc00a2c39e90264f33305004495a9","hash":"bd25da24b94acea5a3bf94b863b309fdc84e4e79"}
,"/Users/MGN25/Documents/Training/bootcamp_examples/assignments/airport/Plane.js": {"path":"/Users/MGN25/Documents/Training/bootcamp_examples/assignments/airport/Plane.js","statementMap":{"0":{"start":{"line":1,"column":18},"end":{"line":1,"column":36}},"1":{"start":{"line":2,"column":20},"end":{"line":2,"column":40}},"2":{"start":{"line":13,"column":20},"end":{"line":13,"column":21}},"3":{"start":{"line":20,"column":4},"end":{"line":20,"column":21}},"4":{"start":{"line":21,"column":4},"end":{"line":21,"column":25}},"5":{"start":{"line":22,"column":4},"end":{"line":22,"column":47}},"6":{"start":{"line":23,"column":4},"end":{"line":23,"column":24}},"7":{"start":{"line":25,"column":4},"end":{"line":25,"column":24}},"8":{"start":{"line":31,"column":4},"end":{"line":33,"column":5}},"9":{"start":{"line":32,"column":6},"end":{"line":32,"column":37}},"10":{"start":{"line":40,"column":4},"end":{"line":40,"column":36}},"11":{"start":{"line":47,"column":4},"end":{"line":49,"column":5}},"12":{"start":{"line":48,"column":6},"end":{"line":48,"column":49}},"13":{"start":{"line":51,"column":4},"end":{"line":53,"column":5}},"14":{"start":{"line":52,"column":6},"end":{"line":52,"column":58}},"15":{"start":{"line":54,"column":4},"end":{"line":54,"column":48}},"16":{"start":{"line":58,"column":0},"end":{"line":58,"column":27}}},"fnMap":{"0":{"name":"(anonymous_0)","decl":{"start":{"line":19,"column":2},"end":{"line":19,"column":3}},"loc":{"start":{"line":19,"column":20},"end":{"line":26,"column":3}},"line":19},"1":{"name":"(anonymous_1)","decl":{"start":{"line":30,"column":2},"end":{"line":30,"column":3}},"loc":{"start":{"line":30,"column":17},"end":{"line":34,"column":3}},"line":30},"2":{"name":"(anonymous_2)","decl":{"start":{"line":39,"column":2},"end":{"line":39,"column":3}},"loc":{"start":{"line":39,"column":19},"end":{"line":41,"column":3}},"line":39},"3":{"name":"(anonymous_3)","decl":{"start":{"line":46,"column":2},"end":{"line":46,"column":3}},"loc":{"start":{"line":46,"column":19},"end":{"line":55,"column":3}},"line":46}},"branchMap":{"0":{"loc":{"start":{"line":31,"column":4},"end":{"line":33,"column":5}},"type":"if","locations":[{"start":{"line":31,"column":4},"end":{"line":33,"column":5}},{"start":{"line":31,"column":4},"end":{"line":33,"column":5}}],"line":31},"1":{"loc":{"start":{"line":47,"column":4},"end":{"line":49,"column":5}},"type":"if","locations":[{"start":{"line":47,"column":4},"end":{"line":49,"column":5}},{"start":{"line":47,"column":4},"end":{"line":49,"column":5}}],"line":47},"2":{"loc":{"start":{"line":51,"column":4},"end":{"line":53,"column":5}},"type":"if","locations":[{"start":{"line":51,"column":4},"end":{"line":53,"column":5}},{"start":{"line":51,"column":4},"end":{"line":53,"column":5}}],"line":51}},"s":{"0":2,"1":2,"2":2,"3":4,"4":4,"5":4,"6":4,"7":4,"8":4,"9":2,"10":2,"11":3,"12":1,"13":2,"14":1,"15":2,"16":2},"f":{"0":4,"1":4,"2":2,"3":3},"b":{"0":[2,2],"1":[1,2],"2":[1,1]},"_coverageSchema":"1a1c01bbd47fc00a2c39e90264f33305004495a9","hash":"64039a157f82790965ee428d15e053bdd37a316d"}
}
