TN:
SF:Airport.js
FN:17,(anonymous_0)
FN:28,(anonymous_1)
FN:37,(anonymous_2)
FN:39,(anonymous_3)
FN:46,(anonymous_4)
FNF:5
FNH:5
FNDA:5,(anonymous_0)
FNDA:5,(anonymous_1)
FNDA:2,(anonymous_2)
FNDA:2,(anonymous_3)
FNDA:3,(anonymous_4)
DA:1,2
DA:12,2
DA:18,5
DA:19,5
DA:20,5
DA:21,5
DA:23,3
DA:29,5
DA:30,2
DA:38,2
DA:39,2
DA:47,3
DA:48,3
DA:52,2
LF:14
LH:14
BRDA:29,0,0,2
BRDA:29,0,1,3
BRF:2
BRH:2
end_of_record
TN:
SF:Bag.js
FN:13,(anonymous_0)
FN:20,(anonymous_1)
FN:29,(anonymous_2)
FNF:3
FNH:3
FNDA:5,(anonymous_0)
FNDA:5,(anonymous_1)
FNDA:2,(anonymous_2)
DA:1,2
DA:14,5
DA:15,5
DA:21,5
DA:22,2
DA:30,2
DA:34,2
LF:7
LH:7
BRDA:21,0,0,2
BRDA:21,0,1,3
BRF:2
BRH:2
end_of_record
TN:
SF:Check.js
FN:11,(anonymous_0)
FN:23,(anonymous_1)
FNF:2
FNH:2
FNDA:10,(anonymous_0)
FNDA:38,(anonymous_1)
DA:12,10
DA:13,5
DA:15,5
DA:24,38
DA:25,11
DA:27,27
DA:32,7
LF:7
LH:7
BRDA:12,0,0,5
BRDA:12,0,1,5
BRDA:12,1,0,10
BRDA:12,1,1,7
BRDA:24,2,0,11
BRDA:24,2,1,27
BRDA:24,3,0,38
BRDA:24,3,1,33
BRF:8
BRH:8
end_of_record
TN:
SF:CrewMember.js
FN:16,(anonymous_0)
FN:26,(anonymous_1)
FNF:2
FNH:2
FNDA:3,(anonymous_0)
FNDA:3,(anonymous_1)
DA:1,2
DA:2,2
DA:17,3
DA:18,3
DA:19,3
DA:21,3
DA:27,3
DA:32,2
DA:37,2
LF:9
LH:9
BRDA:27,0,0,2
BRDA:27,0,1,1
BRDA:28,1,0,3
BRDA:28,1,1,3
BRDA:28,1,2,2
BRF:5
BRH:5
end_of_record
TN:
SF:Passenger.js
FN:16,(anonymous_0)
FN:26,(anonymous_1)
FN:28,(anonymous_2)
FNF:3
FNH:3
FNDA:4,(anonymous_0)
FNDA:4,(anonymous_1)
FNDA:11,(anonymous_2)
DA:1,2
DA:2,2
DA:17,4
DA:18,4
DA:19,4
DA:21,4
DA:27,4
DA:28,4
DA:29,11
DA:30,2
DA:36,2
LF:11
LH:11
BRDA:29,0,0,2
BRDA:29,0,1,9
BRF:2
BRH:2
end_of_record
TN:
SF:Person.js
FN:12,(anonymous_0)
FN:21,(anonymous_1)
FN:30,(anonymous_2)
FNF:3
FNH:3
FNDA:8,(anonymous_0)
FNDA:8,(anonymous_1)
FNDA:1,(anonymous_2)
DA:1,4
DA:13,8
DA:14,8
DA:16,8
DA:22,8
DA:23,1
DA:31,1
DA:35,4
LF:8
LH:8
BRDA:22,0,0,1
BRDA:22,0,1,7
BRF:2
BRH:2
end_of_record
TN:
SF:Plane.js
FN:19,(anonymous_0)
FN:30,(anonymous_1)
FN:39,(anonymous_2)
FN:46,(anonymous_3)
FNF:4
FNH:4
FNDA:4,(anonymous_0)
FNDA:4,(anonymous_1)
FNDA:2,(anonymous_2)
FNDA:3,(anonymous_3)
DA:1,2
DA:2,2
DA:13,2
DA:20,4
DA:21,4
DA:22,4
DA:23,4
DA:25,4
DA:31,4
DA:32,2
DA:40,2
DA:47,3
DA:48,1
DA:51,2
DA:52,1
DA:54,2
DA:58,2
LF:17
LH:17
BRDA:31,0,0,2
BRDA:31,0,1,2
BRDA:47,1,0,1
BRDA:47,1,1,2
BRDA:51,2,0,1
BRDA:51,2,1,1
BRF:6
BRH:6
end_of_record
